
DATE SAMPLES - MMDDYYYY DATE SAMPLES - DOM MY Y YY
AMOUNT SAMPLES
10- 25 - 16
15/ 5 /88
10,000
5 / 5 / 20 05
25 /4 / 14
90100 0
10 / 12 / 2015
|1 151 198 8
25 8 8 8
11 - 5 - 14
20 / 12 / 2015
14 , 154
413/75
18- 10-88
25 , 156 -25
02 / 12 / 54
29 / 9 / 17
25 - 270
11 / 18 /2017
26 / 12 / 18
7000
2 / 22 / 22
5 / 6 / 07
88899 9
7 - 6 - 2005
19 / 09 / 01
2 2 2 4 4 4
12 - 05 - 2016
31 07. 1997
197 456
09 - 15- 201 1
24- 03 - 1980
65 10 065 . 60
05/ 05 / 2017
30 - 12 -1975
23 4 7 , 8 9 60 75
2 17
05 / 10 / 2005
28 1 02 / 1990
80,000 . 625
