entered
status None
HANDWRITING SAMPLE FORN
vertices[0][0] 724
vertices[0][1] 255
TATE ZIP
vertices[0][0] 1672
vertices[0][1] 414
8/ 3 / 89
vertices[0][0] 864
vertices[0][1] 467
ST CLAIR SHORES M
vertices[0][0] 1200
vertices[0][1] 476
082
vertices[0][0] 1851
vertices[0][1] 486
This sample of handwriting is being collected for use in testing computer recognition of hand printed number
vertices[0][0] 279
vertices[0][1] 536
and letters . Please print the following characters in the boxes that appear below
vertices[0][0] 225
vertices[0][1] 581
012345 6789
vertices[0][0] 291
vertices[0][1] 628
012345 8 789
vertices[0][0] 898
vertices[0][1] 637
012345 8789
vertices[0][0] 1504
vertices[0][1] 647
0123456789
vertices[0][0] 261
vertices[0][1] 696
789
vertices[0][0] 1151
vertices[0][1] 707
827426
vertices[0][0] 1464
vertices[0][1] 793
8 831
vertices[0][0] 1052
vertices[0][1] 849
827426
vertices[0][0] 1462
vertices[0][1] 849
4558
vertices[0][0] 512
vertices[0][1] 988
875518
vertices[0][0] 1236
vertices[0][1] 994
3633
vertices[0][0] 249
vertices[0][1] 1131
2 2699
vertices[0][0] 570
vertices[0][1] 1132
5 53 38
vertices[0][0] 1018
vertices[0][1] 1142
GOOD
vertices[0][0] 1766
vertices[0][1] 1123
289109
vertices[0][0] 658
vertices[0][1] 1215
19768
vertices[0][0] 246
vertices[0][1] 1275
379
vertices[0][0] 1464
vertices[0][1] 1305
3020
vertices[0][0] 1746
vertices[0][1] 1311
1010 40
vertices[0][0] 276
vertices[0][1] 1419
479
vertices[0][0] 1102
vertices[0][1] 1436
[zoom ]
vertices[0][0] 1335
vertices[0][1] 1402
2 29 9
vertices[0][0] 1744
vertices[0][1] 1446
" alim cpond x firstbrevique
vertices[0][0] 309
vertices[0][1] 1502
qualjme pengax thusoblivion
vertices[0][0] 272
vertices[0][1] 1566
MS OZUN P IR B FRIDGEXCVIRY ACW
vertices[0][0] 315
vertices[0][1] 1654
L M S O Z UN P T K B F HU D Q E X
vertices[0][0] 274
vertices[0][1] 1727
RY ACW
vertices[0][0] 1207
vertices[0][1] 1732
Please print the following text in the box below
vertices[0][0] 212
vertices[0][1] 1806
We , the People of the United States , in order to form a more perfect Union , establish Justice , insure domestic
vertices[0][0] 212
vertices[0][1] 1851
Tranquility , provide for the co
vertices[0][0] 210
vertices[0][1] 1901
ourselves and our posterity , do ordain and eat
vertices[0][0] 208
vertices[0][1] 1944
. common Defense , promote the general Welfare , and secure the Blessings of Liberty
vertices[0][0] 649
vertices[0][1] 1907
d establish this CONSTITUTION for the United States of America .
vertices[0][0] 889
vertices[0][1] 1952
We the People of the Un
vertices[0][0] 247
vertices[0][1] 2059
United States , inorder to form a more
vertices[0][0] 810
vertices[0][1] 2053
perfect Union , establish Justice , Insure domestic Tranquility , provide
vertices[0][0] 240
vertices[0][1] 2111
For the common Defense , promote the general Welfare , and
vertices[0][0] 242
vertices[0][1] 2168
secure the Blessings of Liberty to ourselves and our posterity , d
vertices[0][0] 249
vertices[0][1] 2226
ordain and establish this constitution for the united states
vertices[0][0] 249
vertices[0][1] 2248
merica
vertices[0][0] 377
vertices[0][1] 2377
