entered
status None
( 724 , 255 ) HANDWRITING SAMPLE FORN
( 1672 , 414 ) TATE ZIP
( 864 , 467 ) 8/ 3 / 89
( 1200 , 476 ) ST CLAIR SHORES M
( 1851 , 486 ) 082
( 279 , 536 ) This sample of handwriting is being collected for use in testing computer recognition of hand printed number
( 225 , 581 ) and letters . Please print the following characters in the boxes that appear below
( 291 , 628 ) 012345 6789
( 898 , 637 ) 012345 8 789
( 1504 , 647 ) 012345 8789
( 261 , 696 ) 0123456789
( 1151 , 707 ) 789
( 1464 , 793 ) 827426
( 1052 , 849 ) 8 831
( 1462 , 849 ) 827426
( 512 , 988 ) 4558
( 1236 , 994 ) 875518
( 249 , 1131 ) 3633
( 570 , 1132 ) 2 2699
( 1018 , 1142 ) 5 53 38
( 1766 , 1123 ) GOOD
( 658 , 1215 ) 289109
( 246 , 1275 ) 19768
( 1464 , 1305 ) 379
( 1746 , 1311 ) 3020
( 276 , 1419 ) 1010 40
( 1102 , 1436 ) 479
( 1335 , 1402 ) [zoom ]
( 1744 , 1446 ) 2 29 9
( 309 , 1502 ) " alim cpond x firstbrevique
( 272 , 1566 ) qualjme pengax thusoblivion
( 315 , 1654 ) MS OZUN P IR B FRIDGEXCVIRY ACW
( 274 , 1727 ) L M S O Z UN P T K B F HU D Q E X
( 1207 , 1732 ) RY ACW
( 212 , 1806 ) Please print the following text in the box below
( 212 , 1851 ) We , the People of the United States , in order to form a more perfect Union , establish Justice , insure domestic
( 210 , 1901 ) Tranquility , provide for the co
( 208 , 1944 ) ourselves and our posterity , do ordain and eat
( 649 , 1907 ) . common Defense , promote the general Welfare , and secure the Blessings of Liberty
( 889 , 1952 ) d establish this CONSTITUTION for the United States of America .
( 247 , 2059 ) We the People of the Un
( 810 , 2053 ) United States , inorder to form a more
( 240 , 2111 ) perfect Union , establish Justice , Insure domestic Tranquility , provide
( 242 , 2168 ) For the common Defense , promote the general Welfare , and
( 249 , 2226 ) secure the Blessings of Liberty to ourselves and our posterity , d
( 249 , 2248 ) ordain and establish this constitution for the united states
( 377 , 2377 ) merica
